2023-11-04 23:20:42,690 [WARNING]: PyNaCl is not installed, voice will NOT be supported
2023-11-04 23:20:42,692 [INFO]: logging in using static token
2023-11-04 23:20:43,076 [INFO]: Shard ID None has sent the IDENTIFY payload.
2023-11-04 23:20:43,271 [INFO]: Shard ID None has connected to Gateway: ["gateway-prd-us-east1-c-9rhl",{"micros":91956,"calls":["id_created",{"micros":1897,"calls":[]},"session_lookup_time",{"micros":423,"calls":[]},"session_lookup_finished",{"micros":15,"calls":[]},"discord-sessions-prd-2-212",{"micros":87936,"calls":["start_session",{"micros":72209,"calls":["discord-api-5c74cfdfbf-6s4zq",{"micros":67086,"calls":["get_user",{"micros":16438},"get_guilds",{"micros":7224},"send_scheduled_deletion_message",{"micros":9},"guild_join_requests",{"micros":2},"authorized_ip_coro",{"micros":10}]}]},"starting_guild_connect",{"micros":116,"calls":[]},"presence_started",{"micros":377,"calls":[]},"guilds_started",{"micros":91,"calls":[]},"guilds_connect",{"micros":2,"calls":[]},"presence_connect",{"micros":15057,"calls":[]},"connect_finished",{"micros":15062,"calls":[]},"build_ready",{"micros":45,"calls":[]},"clean_ready",{"micros":1,"calls":[]},"optimize_ready",{"micros":31,"calls":[]},"split_ready",{"micros":1,"calls":[]}]}]}] (Session ID: b85d1cd40b162a5873a1e904341b9627). Resume URL specified as wss://gateway-us-east1-c.discord.gg
2023-11-04 23:20:45,292 [INFO]: Logged in as: Dev Ground Zero#4194
2023-11-04 23:20:45,292 [INFO]: Running on: Windows 10 (10.0.22621)
2023-11-04 23:20:45,292 [INFO]: Python: 3.10.0
2023-11-04 23:20:45,292 [INFO]: Bot is ready!
2023-11-04 23:20:45,543 [INFO]: Loaded Extension: moderation
2023-11-04 23:20:45,545 [INFO]: Loaded Extension: ping
2023-11-04 23:20:45,548 [INFO]: Loaded Extension: welcome
2023-11-04 23:27:02,473 [WARNING]: PyNaCl is not installed, voice will NOT be supported
2023-11-04 23:27:02,474 [INFO]: logging in using static token
2023-11-04 23:27:10,705 [INFO]: Shard ID None has sent the IDENTIFY payload.
2023-11-04 23:27:11,004 [INFO]: Shard ID None has connected to Gateway: ["gateway-prd-us-east1-b-0xl8",{"micros":195782,"calls":["id_created",{"micros":1860,"calls":[]},"session_lookup_time",{"micros":4137,"calls":[]},"session_lookup_finished",{"micros":15,"calls":[]},"discord-sessions-prd-2-40",{"micros":188372,"calls":["start_session",{"micros":128663,"calls":["discord-api-5c74cfdfbf-88lms",{"micros":115847,"calls":["get_user",{"micros":36589},"get_guilds",{"micros":12853},"send_scheduled_deletion_message",{"micros":11},"guild_join_requests",{"micros":2},"authorized_ip_coro",{"micros":9}]}]},"starting_guild_connect",{"micros":62,"calls":[]},"presence_started",{"micros":408,"calls":[]},"guilds_started",{"micros":104,"calls":[]},"guilds_connect",{"micros":1,"calls":[]},"presence_connect",{"micros":59075,"calls":[]},"connect_finished",{"micros":59081,"calls":[]},"build_ready",{"micros":22,"calls":[]},"clean_ready",{"micros":1,"calls":[]},"optimize_ready",{"micros":0,"calls":[]},"split_ready",{"micros":29,"calls":[]}]}]}] (Session ID: 2e26374b260634f5cb3855016fc3211d). Resume URL specified as wss://gateway-us-east1-b.discord.gg
2023-11-04 23:27:13,016 [INFO]: Logged in as: Dev Ground Zero#4194
2023-11-04 23:27:13,016 [INFO]: Running on: Windows 10 (10.0.22621)
2023-11-04 23:27:13,016 [INFO]: Python: 3.10.0
2023-11-04 23:27:13,017 [INFO]: Bot is ready!
2023-11-04 23:27:13,256 [INFO]: Loaded Extension: moderation
2023-11-04 23:27:13,258 [INFO]: Loaded Extension: ping
2023-11-04 23:27:13,259 [INFO]: Loaded Extension: welcome
2023-11-04 23:27:59,999 [WARNING]: PyNaCl is not installed, voice will NOT be supported
2023-11-04 23:27:59,999 [INFO]: logging in using static token
2023-11-04 23:28:00,441 [INFO]: Shard ID None has sent the IDENTIFY payload.
2023-11-04 23:28:00,752 [INFO]: Shard ID None has connected to Gateway: ["gateway-prd-us-east1-d-qjx1",{"micros":205302,"calls":["id_created",{"micros":994,"calls":[]},"session_lookup_time",{"micros":426,"calls":[]},"session_lookup_finished",{"micros":19,"calls":[]},"discord-sessions-prd-2-162",{"micros":203311,"calls":["start_session",{"micros":140809,"calls":["discord-api-5c74cfdfbf-m74s5",{"micros":133831,"calls":["get_user",{"micros":9566},"get_guilds",{"micros":10395},"send_scheduled_deletion_message",{"micros":12},"guild_join_requests",{"micros":5137},"authorized_ip_coro",{"micros":9}]}]},"starting_guild_connect",{"micros":55,"calls":[]},"presence_started",{"micros":266,"calls":[]},"guilds_started",{"micros":78,"calls":[]},"guilds_connect",{"micros":2,"calls":[]},"presence_connect",{"micros":62045,"calls":[]},"connect_finished",{"micros":62050,"calls":[]},"build_ready",{"micros":23,"calls":[]},"clean_ready",{"micros":1,"calls":[]},"optimize_ready",{"micros":0,"calls":[]},"split_ready",{"micros":27,"calls":[]}]}]}] (Session ID: 8e09a1914ab5c0f7906ca31e44f88d31). Resume URL specified as wss://gateway-us-east1-d.discord.gg
2023-11-04 23:28:02,762 [INFO]: Logged in as: Dev Ground Zero#4194
2023-11-04 23:28:02,763 [INFO]: Running on: Windows 10 (10.0.22621)
2023-11-04 23:28:02,763 [INFO]: Python: 3.10.0
2023-11-04 23:28:02,763 [INFO]: Bot is ready!
2023-11-04 23:28:02,988 [INFO]: Loaded Extension: moderation
2023-11-04 23:28:02,990 [INFO]: Loaded Extension: ping
2023-11-04 23:28:02,992 [INFO]: Loaded Extension: welcome
2023-11-04 23:29:52,212 [WARNING]: PyNaCl is not installed, voice will NOT be supported
2023-11-04 23:29:52,212 [INFO]: logging in using static token
2023-11-04 23:29:52,606 [INFO]: Shard ID None has sent the IDENTIFY payload.
2023-11-04 23:29:52,792 [INFO]: Shard ID None has connected to Gateway: ["gateway-prd-us-east1-d-k4gm",{"micros":87486,"calls":["id_created",{"micros":1559,"calls":[]},"session_lookup_time",{"micros":1578,"calls":[]},"session_lookup_finished",{"micros":18,"calls":[]},"discord-sessions-prd-2-141",{"micros":83339,"calls":["start_session",{"micros":40984,"calls":["discord-api-5c74cfdfbf-h986q",{"micros":36092,"calls":["get_user",{"micros":6374},"get_guilds",{"micros":3221},"send_scheduled_deletion_message",{"micros":10},"guild_join_requests",{"micros":1},"authorized_ip_coro",{"micros":9}]}]},"starting_guild_connect",{"micros":56,"calls":[]},"presence_started",{"micros":270,"calls":[]},"guilds_started",{"micros":103,"calls":[]},"guilds_connect",{"micros":3,"calls":[]},"presence_connect",{"micros":41879,"calls":[]},"connect_finished",{"micros":41884,"calls":[]},"build_ready",{"micros":17,"calls":[]},"clean_ready",{"micros":1,"calls":[]},"optimize_ready",{"micros":0,"calls":[]},"split_ready",{"micros":23,"calls":[]}]}]}] (Session ID: 29abb9fdc2c7be84eb1cb89d905bddba). Resume URL specified as wss://gateway-us-east1-d.discord.gg
2023-11-04 23:29:54,804 [INFO]: Logged in as: Dev Ground Zero#4194
2023-11-04 23:29:54,804 [INFO]: Running on: Windows 10 (10.0.22621)
2023-11-04 23:29:54,804 [INFO]: Python: 3.10.0
2023-11-04 23:29:54,805 [INFO]: Bot is ready!
2023-11-04 23:29:55,071 [INFO]: Loaded Extension: moderation
2023-11-04 23:29:55,073 [INFO]: Loaded Extension: ping
2023-11-04 23:29:55,076 [INFO]: Loaded Extension: welcome
2023-11-04 23:31:55,332 [WARNING]: PyNaCl is not installed, voice will NOT be supported
2023-11-04 23:31:55,332 [INFO]: logging in using static token
2023-11-04 23:31:55,782 [INFO]: Shard ID None has sent the IDENTIFY payload.
2023-11-04 23:31:56,038 [INFO]: Shard ID None has connected to Gateway: ["gateway-prd-us-east1-c-dkzr",{"micros":155737,"calls":["id_created",{"micros":1392,"calls":[]},"session_lookup_time",{"micros":371,"calls":[]},"session_lookup_finished",{"micros":12,"calls":[]},"discord-sessions-prd-2-275",{"micros":152606,"calls":["start_session",{"micros":144202,"calls":["discord-api-5c74cfdfbf-lzllb",{"micros":138457,"calls":["get_user",{"micros":12881},"get_guilds",{"micros":13821},"send_scheduled_deletion_message",{"micros":13},"guild_join_requests",{"micros":2},"authorized_ip_coro",{"micros":12}]}]},"starting_guild_connect",{"micros":73,"calls":[]},"presence_started",{"micros":7772,"calls":[]},"guilds_started",{"micros":175,"calls":[]},"guilds_connect",{"micros":2,"calls":[]},"presence_connect",{"micros":327,"calls":[]},"connect_finished",{"micros":333,"calls":[]},"build_ready",{"micros":23,"calls":[]},"clean_ready",{"micros":1,"calls":[]},"optimize_ready",{"micros":1,"calls":[]},"split_ready",{"micros":24,"calls":[]}]}]}] (Session ID: c4082801313dbf8e55a82d38cdb9fbd5). Resume URL specified as wss://gateway-us-east1-c.discord.gg
2023-11-04 23:31:58,048 [INFO]: Logged in as: Dev Ground Zero#4194
2023-11-04 23:31:58,048 [INFO]: Running on: Windows 10 (10.0.22621)
2023-11-04 23:31:58,048 [INFO]: Python: 3.10.0
2023-11-04 23:31:58,048 [INFO]: Bot is ready!
2023-11-04 23:31:58,242 [INFO]: Loaded Extension: moderation
2023-11-04 23:31:58,244 [INFO]: Loaded Extension: ping
2023-11-04 23:31:58,246 [INFO]: Loaded Extension: welcome
2023-11-04 23:33:11,422 [WARNING]: PyNaCl is not installed, voice will NOT be supported
2023-11-04 23:33:11,422 [INFO]: logging in using static token
2023-11-04 23:33:11,811 [INFO]: Shard ID None has sent the IDENTIFY payload.
2023-11-04 23:33:12,021 [INFO]: Shard ID None has connected to Gateway: ["gateway-prd-us-east1-c-l8hn",{"micros":110350,"calls":["id_created",{"micros":1097,"calls":[]},"session_lookup_time",{"micros":7496,"calls":[]},"session_lookup_finished",{"micros":15,"calls":[]},"discord-sessions-prd-2-152",{"micros":97153,"calls":["start_session",{"micros":64010,"calls":["discord-api-5c74cfdfbf-2p9xg",{"micros":52586,"calls":["get_user",{"micros":6822},"get_guilds",{"micros":5189},"send_scheduled_deletion_message",{"micros":8},"guild_join_requests",{"micros":1},"authorized_ip_coro",{"micros":8}]}]},"starting_guild_connect",{"micros":60,"calls":[]},"presence_started",{"micros":289,"calls":[]},"guilds_started",{"micros":92,"calls":[]},"guilds_connect",{"micros":2,"calls":[]},"presence_connect",{"micros":32648,"calls":[]},"connect_finished",{"micros":32652,"calls":[]},"build_ready",{"micros":26,"calls":[]},"clean_ready",{"micros":0,"calls":[]},"optimize_ready",{"micros":1,"calls":[]},"split_ready",{"micros":22,"calls":[]}]}]}] (Session ID: 816b274e06232348ea6d40c259a3400a). Resume URL specified as wss://gateway-us-east1-c.discord.gg
2023-11-04 23:33:14,018 [INFO]: Logged in as: Dev Ground Zero#4194
2023-11-04 23:33:14,018 [INFO]: Running on: Windows 10 (10.0.22621)
2023-11-04 23:33:14,019 [INFO]: Python: 3.10.0
2023-11-04 23:33:14,019 [INFO]: Bot is ready!
2023-11-04 23:33:14,242 [INFO]: Loaded Extension: moderation
2023-11-04 23:33:14,244 [INFO]: Loaded Extension: ping
2023-11-04 23:33:14,246 [INFO]: Loaded Extension: welcome
2023-11-04 23:35:03,349 [WARNING]: PyNaCl is not installed, voice will NOT be supported
2023-11-04 23:35:03,349 [INFO]: logging in using static token
2023-11-04 23:35:03,718 [INFO]: Shard ID None has sent the IDENTIFY payload.
2023-11-04 23:35:03,914 [INFO]: Shard ID None has connected to Gateway: ["gateway-prd-us-east1-c-qpr0",{"micros":93034,"calls":["id_created",{"micros":1668,"calls":[]},"session_lookup_time",{"micros":1092,"calls":[]},"session_lookup_finished",{"micros":22,"calls":[]},"discord-sessions-prd-2-281",{"micros":88920,"calls":["start_session",{"micros":55661,"calls":["discord-api-5c74cfdfbf-8227v",{"micros":49397,"calls":["get_user",{"micros":8229},"get_guilds",{"micros":3968},"send_scheduled_deletion_message",{"micros":11},"guild_join_requests",{"micros":557},"authorized_ip_coro",{"micros":11}]}]},"starting_guild_connect",{"micros":59,"calls":[]},"presence_started",{"micros":265,"calls":[]},"guilds_started",{"micros":102,"calls":[]},"guilds_connect",{"micros":1,"calls":[]},"presence_connect",{"micros":32786,"calls":[]},"connect_finished",{"micros":32791,"calls":[]},"build_ready",{"micros":19,"calls":[]},"clean_ready",{"micros":0,"calls":[]},"optimize_ready",{"micros":21,"calls":[]},"split_ready",{"micros":1,"calls":[]}]}]}] (Session ID: 0e2cea0c1a37846c581e116824c1629f). Resume URL specified as wss://gateway-us-east1-c.discord.gg
2023-11-04 23:35:05,924 [INFO]: Logged in as: Dev Ground Zero#4194
2023-11-04 23:35:05,924 [INFO]: Running on: Windows 10 (10.0.22621)
2023-11-04 23:35:05,925 [INFO]: Python: 3.10.0
2023-11-04 23:35:05,925 [INFO]: Bot is ready!
2023-11-04 23:35:06,218 [INFO]: Loaded Extension: moderation
2023-11-04 23:35:06,229 [INFO]: Loaded Extension: ping
2023-11-04 23:35:06,231 [INFO]: Loaded Extension: welcome
2023-11-04 23:45:42,386 [WARNING]: PyNaCl is not installed, voice will NOT be supported
2023-11-04 23:45:42,386 [INFO]: logging in using static token
2023-11-04 23:45:42,819 [INFO]: Shard ID None has sent the IDENTIFY payload.
2023-11-04 23:45:43,013 [INFO]: Shard ID None has connected to Gateway: ["gateway-prd-us-east1-b-8cpb",{"micros":90684,"calls":["id_created",{"micros":1762,"calls":[]},"session_lookup_time",{"micros":383,"calls":[]},"session_lookup_finished",{"micros":15,"calls":[]},"discord-sessions-prd-2-139",{"micros":87407,"calls":["start_session",{"micros":43036,"calls":["discord-api-5c74cfdfbf-xkqsl",{"micros":38763,"calls":["get_user",{"micros":6654},"get_guilds",{"micros":2746},"send_scheduled_deletion_message",{"micros":8},"guild_join_requests",{"micros":840},"authorized_ip_coro",{"micros":10}]}]},"starting_guild_connect",{"micros":64,"calls":[]},"presence_started",{"micros":365,"calls":[]},"guilds_started",{"micros":104,"calls":[]},"guilds_connect",{"micros":2,"calls":[]},"presence_connect",{"micros":43776,"calls":[]},"connect_finished",{"micros":43783,"calls":[]},"build_ready",{"micros":25,"calls":[]},"clean_ready",{"micros":1,"calls":[]},"optimize_ready",{"micros":26,"calls":[]},"split_ready",{"micros":1,"calls":[]}]}]}] (Session ID: cfb63b1ef4ee0aeb322138461299c479). Resume URL specified as wss://gateway-us-east1-b.discord.gg
2023-11-04 23:45:45,026 [INFO]: Logged in as: Dev Ground Zero#4194
2023-11-04 23:45:45,026 [INFO]: Running on: Windows 10 (10.0.22621)
2023-11-04 23:45:45,026 [INFO]: Python: 3.10.0
2023-11-04 23:45:45,026 [INFO]: Bot is ready!
2023-11-04 23:45:45,307 [INFO]: Loaded Extension: moderation
2023-11-04 23:45:45,311 [INFO]: Loaded Extension: ping
2023-11-04 23:45:45,314 [INFO]: Loaded Extension: welcome
2023-11-04 23:48:58,526 [WARNING]: PyNaCl is not installed, voice will NOT be supported
2023-11-04 23:48:58,531 [INFO]: Loaded Extension: moderation
2023-11-04 23:48:58,533 [INFO]: Loaded Extension: ping
2023-11-04 23:48:58,534 [INFO]: Loaded Extension: welcome
2023-11-04 23:48:58,534 [INFO]: logging in using static token
2023-11-04 23:48:59,894 [INFO]: Shard ID None has sent the IDENTIFY payload.
2023-11-04 23:49:00,128 [INFO]: Shard ID None has connected to Gateway: ["gateway-prd-us-east1-c-pmv9",{"micros":133154,"calls":["id_created",{"micros":1653,"calls":[]},"session_lookup_time",{"micros":413,"calls":[]},"session_lookup_finished",{"micros":14,"calls":[]},"discord-sessions-prd-2-227",{"micros":129905,"calls":["start_session",{"micros":97438,"calls":["discord-api-5c74cfdfbf-5xlv4",{"micros":89008,"calls":["get_user",{"micros":13175},"get_guilds",{"micros":13302},"send_scheduled_deletion_message",{"micros":10},"guild_join_requests",{"micros":2},"authorized_ip_coro",{"micros":10}]}]},"starting_guild_connect",{"micros":54,"calls":[]},"presence_started",{"micros":311,"calls":[]},"guilds_started",{"micros":112,"calls":[]},"guilds_connect",{"micros":2,"calls":[]},"presence_connect",{"micros":31907,"calls":[]},"connect_finished",{"micros":31915,"calls":[]},"build_ready",{"micros":25,"calls":[]},"clean_ready",{"micros":1,"calls":[]},"optimize_ready",{"micros":28,"calls":[]},"split_ready",{"micros":2,"calls":[]}]}]}] (Session ID: 455a467adfd7bd121dfc9c3971282c82). Resume URL specified as wss://gateway-us-east1-c.discord.gg
2023-11-04 23:49:00,699 [INFO]: nextcord.ConnectionState: Registering command with signature ('purge', 1, 1170490675440123965)
2023-11-04 23:49:00,984 [INFO]: nextcord.ConnectionState: Registering command with signature ('ping', 1, 1170490675440123965)
2023-11-04 23:49:02,139 [INFO]: Logged in as: Dev Ground Zero#4194
2023-11-04 23:49:02,139 [INFO]: Running on: Windows 10 (10.0.22621)
2023-11-04 23:49:02,139 [INFO]: Python: 3.10.0
2023-11-04 23:49:02,139 [INFO]: Bot is ready!
2023-11-04 23:49:30,650 [WARNING]: PyNaCl is not installed, voice will NOT be supported
2023-11-04 23:49:30,655 [INFO]: Loaded Extension: moderation
2023-11-04 23:49:30,657 [INFO]: Loaded Extension: ping
2023-11-04 23:49:30,658 [INFO]: Loaded Extension: welcome
2023-11-04 23:49:30,658 [INFO]: logging in using static token
2023-11-04 23:49:31,129 [INFO]: Shard ID None has sent the IDENTIFY payload.
2023-11-04 23:49:31,368 [INFO]: Shard ID None has connected to Gateway: ["gateway-prd-us-east1-d-6d6l",{"micros":138395,"calls":["id_created",{"micros":1283,"calls":[]},"session_lookup_time",{"micros":491,"calls":[]},"session_lookup_finished",{"micros":17,"calls":[]},"discord-sessions-prd-2-222",{"micros":134239,"calls":["start_session",{"micros":103614,"calls":["discord-api-5c74cfdfbf-h9zsq",{"micros":98198,"calls":["get_user",{"micros":9724},"get_guilds",{"micros":11476},"send_scheduled_deletion_message",{"micros":10},"guild_join_requests",{"micros":12099},"authorized_ip_coro",{"micros":13}]}]},"starting_guild_connect",{"micros":59,"calls":[]},"presence_started",{"micros":261,"calls":[]},"guilds_started",{"micros":88,"calls":[]},"guilds_connect",{"micros":1,"calls":[]},"presence_connect",{"micros":30153,"calls":[]},"connect_finished",{"micros":30159,"calls":[]},"build_ready",{"micros":25,"calls":[]},"clean_ready",{"micros":1,"calls":[]},"optimize_ready",{"micros":28,"calls":[]},"split_ready",{"micros":2,"calls":[]}]}]}] (Session ID: 1dc98198dce88174a55dd8912a0a0922). Resume URL specified as wss://gateway-us-east1-d.discord.gg
2023-11-04 23:49:33,373 [INFO]: Logged in as: Dev Ground Zero#4194
2023-11-04 23:49:33,373 [INFO]: Running on: Windows 10 (10.0.22621)
2023-11-04 23:49:33,373 [INFO]: Python: 3.10.0
2023-11-04 23:49:33,374 [INFO]: Bot is ready!
